[cross-pattern] Resumen de ocurrencias:
- Base=BTCUSDC Target=LTCUSDC | tz=Europe/Madrid
- Ventanas: mañana 07:30–9:30, tarde 9:30–10:30
- Rango de estudio: 2020-01-01 → 2025-09-01 | Timeframe: 5m
- Días locales con patrón (BTC mañana↑ & LTC no↑): 248
- Ocurrencias: 248
- Salidas positivas (tarde LTC↑): 113 de 248 (45.6%)
[cross-pattern] LR report:
              precision    recall  f1-score   support

           0      0.625     0.714     0.667        28
           1      0.556     0.455     0.500        22

    accuracy                          0.600        50
   macro avg      0.590     0.584     0.583        50
weighted avg      0.594     0.600     0.593        50

[cross-pattern] XGB report:
              precision    recall  f1-score   support

           0      0.583     0.500     0.538        28
           1      0.462     0.545     0.500        22

    accuracy                          0.520        50
   macro avg      0.522     0.523     0.519        50
weighted avg      0.530     0.520     0.522        50

[cross-pattern] LGBM report:
              precision    recall  f1-score   support

           0      0.640     0.571     0.604        28
           1      0.520     0.591     0.553        22

    accuracy                          0.580        50
   macro avg      0.580     0.581     0.578        50
weighted avg      0.587     0.580     0.582        50

[cross-pattern] best=lr score=0.584 -> src/models/cross_pattern_lr.pkl
